2019-04-08 10:43:58.524[main] DEBUG com.zeevel.o2o.web.superadmin.AreaController - current relativeAddr is:\upload\item\shop\1\2019040810435899393.jpg
2019-04-08 10:43:58.529[main] DEBUG com.zeevel.o2o.web.superadmin.AreaController - current complete addr is:D:\projectdev\image\upload\item\shop\1\2019040810435899393.jpg
2019-04-08 10:43:58.529[main] DEBUG com.zeevel.o2o.web.superadmin.AreaController - basePath is:/D:/%e6%af%95%e4%b8%9a%e8%ae%be%e8%ae%a1/%e5%8d%95%e4%bd%93%e5%ba%94%e7%94%a8%e5%a4%8d%e4%b9%a0/o2o/target/test-classes/
2019-04-08 10:43:59.166[main] DEBUG com.zeevel.o2o.web.superadmin.AreaController - current relativeAddr is:\upload\item\shop\1\2019040810435913333.jpg
2019-04-08 10:43:59.167[main] DEBUG com.zeevel.o2o.web.superadmin.AreaController - current complete addr is:D:\projectdev\image\upload\item\shop\1\2019040810435913333.jpg
2019-04-08 10:43:59.274[main] DEBUG com.zeevel.o2o.web.superadmin.AreaController - current relativeAddr is:\upload\item\shop\1\2019040810435960097.jpg
2019-04-08 10:43:59.275[main] DEBUG com.zeevel.o2o.web.superadmin.AreaController - current complete addr is:D:\projectdev\image\upload\item\shop\1\2019040810435960097.jpg
2019-04-08 10:45:01.617[main] DEBUG com.zeevel.o2o.web.superadmin.AreaController - current relativeAddr is:\upload\item\shop\1\2019040810450170988.jpg
2019-04-08 10:45:01.618[main] DEBUG com.zeevel.o2o.web.superadmin.AreaController - current complete addr is:D:\projectdev\image\upload\item\shop\1\2019040810450170988.jpg
2019-04-08 10:45:01.618[main] DEBUG com.zeevel.o2o.web.superadmin.AreaController - basePath is:/D:/%e6%af%95%e4%b8%9a%e8%ae%be%e8%ae%a1/%e5%8d%95%e4%bd%93%e5%ba%94%e7%94%a8%e5%a4%8d%e4%b9%a0/o2o/target/test-classes/
2019-04-08 10:45:01.806[main] DEBUG com.zeevel.o2o.web.superadmin.AreaController - current relativeAddr is:\upload\item\shop\1\2019040810450195881.jpg
2019-04-08 10:45:01.807[main] DEBUG com.zeevel.o2o.web.superadmin.AreaController - current complete addr is:D:\projectdev\image\upload\item\shop\1\2019040810450195881.jpg
2019-04-08 10:45:01.841[main] DEBUG com.zeevel.o2o.web.superadmin.AreaController - current relativeAddr is:\upload\item\shop\1\2019040810450161145.jpg
2019-04-08 10:45:01.841[main] DEBUG com.zeevel.o2o.web.superadmin.AreaController - current complete addr is:D:\projectdev\image\upload\item\shop\1\2019040810450161145.jpg
2019-04-08 10:48:43.613[main] DEBUG com.zeevel.o2o.web.superadmin.AreaController - current relativeAddr is:\upload\item\shop\1\2019040810484336896.png
2019-04-08 10:48:43.613[main] DEBUG com.zeevel.o2o.web.superadmin.AreaController - current complete addr is:D:\projectdev\image\upload\item\shop\1\2019040810484336896.png
2019-04-08 10:48:43.613[main] DEBUG com.zeevel.o2o.web.superadmin.AreaController - basePath is:/D:/%e6%af%95%e4%b8%9a%e8%ae%be%e8%ae%a1/%e5%8d%95%e4%bd%93%e5%ba%94%e7%94%a8%e5%a4%8d%e4%b9%a0/o2o/target/test-classes/
2019-04-08 10:48:43.847[main] DEBUG com.zeevel.o2o.web.superadmin.AreaController - current relativeAddr is:\upload\item\shop\1\2019040810484325026.png
2019-04-08 10:48:43.847[main] DEBUG com.zeevel.o2o.web.superadmin.AreaController - current complete addr is:D:\projectdev\image\upload\item\shop\1\2019040810484325026.png
2019-04-08 10:48:43.983[main] DEBUG com.zeevel.o2o.web.superadmin.AreaController - current relativeAddr is:\upload\item\shop\1\2019040810484344967.png
2019-04-08 10:48:43.983[main] DEBUG com.zeevel.o2o.web.superadmin.AreaController - current complete addr is:D:\projectdev\image\upload\item\shop\1\2019040810484344967.png
2019-04-08 10:52:24.185[main] DEBUG com.zeevel.o2o.web.superadmin.AreaController - current relativeAddr is:\upload\item\shop\1\2019040810522416488.jpg
2019-04-08 10:52:24.185[main] DEBUG com.zeevel.o2o.web.superadmin.AreaController - current complete addr is:D:\projectdev\image\upload\item\shop\1\2019040810522416488.jpg
2019-04-08 10:52:24.185[main] DEBUG com.zeevel.o2o.web.superadmin.AreaController - basePath is:/D:/%e6%af%95%e4%b8%9a%e8%ae%be%e8%ae%a1/%e5%8d%95%e4%bd%93%e5%ba%94%e7%94%a8%e5%a4%8d%e4%b9%a0/o2o/target/test-classes/
2019-04-08 10:52:24.354[main] DEBUG com.zeevel.o2o.web.superadmin.AreaController - current relativeAddr is:\upload\item\shop\1\2019040810522475172.jpg
2019-04-08 10:52:24.355[main] DEBUG com.zeevel.o2o.web.superadmin.AreaController - current complete addr is:D:\projectdev\image\upload\item\shop\1\2019040810522475172.jpg
2019-04-08 10:52:24.436[main] DEBUG com.zeevel.o2o.web.superadmin.AreaController - current relativeAddr is:\upload\item\shop\1\2019040810522467131.jpg
2019-04-08 10:52:24.436[main] DEBUG com.zeevel.o2o.web.superadmin.AreaController - current complete addr is:D:\projectdev\image\upload\item\shop\1\2019040810522467131.jpg
